<?xml version="1.0" encoding="UTF-8"?>
<!-- Generated by org.testng.reporters.JUnitXMLReporter -->
<testsuite ignored="2" hostname="INLEN8520063932" failures="0" tests="1" name="GRP-Regression" time="0.03" errors="0" timestamp="2022-09-14T14:21:57 IST">
  <testcase classname="ui.TC05Groups" name="Test3" time="0.005"/>
  <testcase classname="ui.TC05Groups" name="Test2" time="0.0">
    <ignored/>
  </testcase> <!-- Test2 -->
  <testcase classname="ui.TC05Groups" name="Test1" time="0.0">
    <ignored/>
  </testcase> <!-- Test1 -->
</testsuite> <!-- GRP-Regression -->
