<?xml version="1.0" encoding="UTF-8"?>
<!-- Generated by org.testng.reporters.JUnitXMLReporter -->
<testsuite ignored="0" hostname="INLEN8520063932" failures="0" tests="10" name="Default test" time="134.764" errors="0" timestamp="2023-03-18T20:19:58 IST">
  <testcase classname="practice1.Practice" name="actions" time="13.531"/>
  <testcase classname="practice1.Practice" name="alert" time="4.063"/>
  <testcase classname="practice1.Practice" name="date" time="5.927"/>
  <testcase classname="practice1.Practice" name="dropDown" time="0.181"/>
  <testcase classname="practice1.Practice" name="explicitWait" time="0.008"/>
  <testcase classname="practice1.Practice" name="getText" time="0.022"/>
  <testcase classname="practice1.Practice" name="keyBoard" time="8.2"/>
  <testcase classname="practice1.Practice" name="links" time="0.195"/>
  <testcase classname="practice1.Practice" name="table" time="0.479"/>
  <testcase classname="practice1.Practice" name="windowsHandles" time="9.603"/>
</testsuite> <!-- Default test -->
