<?xml version="1.0" encoding="UTF-8"?>
<!-- Generated by org.testng.reporters.JUnitXMLReporter -->
<testsuite ignored="0" hostname="INLEN8520063932" failures="0" tests="4" name="Test" time="7.26" errors="0" timestamp="2022-09-14T17:59:52 IST">
  <testcase classname="ui.TC02BeforeAfter" name="RunTestCase1" time="0.003"/>
  <testcase classname="ui.TC02BeforeAfter" name="RunTestCase2" time="0.001"/>
  <testcase classname="ui.TC01TestNGfirstBasic" name="Bing" time="2.828"/>
  <testcase classname="ui.TC01TestNGfirstBasic" name="Google" time="4.389"/>
</testsuite> <!-- Test -->
