<?xml version="1.0" encoding="UTF-8"?>
<testng-results ignored="1" total="2" passed="1" failed="0" skipped="0">
  <reporter-output>
  </reporter-output>
  <suite started-at="2022-10-11T17:03:49 IST" name="Default suite" finished-at="2022-10-11T17:04:19 IST" duration-ms="30045">
    <groups>
      <group name="smoke">
        <method signature="TC01VerifyLogin.verifyInValidLogin()[pri:1, instance:testCases.TC01VerifyLogin@41a0aa7d]" name="verifyInValidLogin" class="testCases.TC01VerifyLogin"/>
      </group> <!-- smoke -->
    </groups>
    <test started-at="2022-10-11T17:03:49 IST" name="Default test" finished-at="2022-10-11T17:04:19 IST" duration-ms="30045">
      <class name="testCases.TC01VerifyLogin">
        <test-method is-config="true" signature="setUp()[pri:0, instance:testCases.TC01VerifyLogin@41a0aa7d]" started-at="2022-10-11T17:03:49 IST" name="setUp" finished-at="2022-10-11T17:03:58 IST" duration-ms="8933" status="PASS">
          <reporter-output>
          </reporter-output>
        </test-method> <!-- setUp -->
        <test-method signature="verifyInValidLogin()[pri:1, instance:testCases.TC01VerifyLogin@41a0aa7d]" started-at="2022-10-11T17:03:58 IST" name="verifyInValidLogin" finished-at="2022-10-11T17:04:03 IST" duration-ms="4789" status="PASS">
          <reporter-output>
          </reporter-output>
        </test-method> <!-- verifyInValidLogin -->
        <test-method is-config="true" signature="tearDown()[pri:0, instance:testCases.TC01VerifyLogin@41a0aa7d]" started-at="2022-10-11T17:04:03 IST" name="tearDown" finished-at="2022-10-11T17:04:19 IST" duration-ms="16283" status="PASS">
          <reporter-output>
          </reporter-output>
        </test-method> <!-- tearDown -->
      </class> <!-- testCases.TC01VerifyLogin -->
    </test> <!-- Default test -->
  </suite> <!-- Default suite -->
</testng-results>
