<?xml version="1.0" encoding="UTF-8"?>
<testng-results ignored="0" total="4" passed="4" failed="0" skipped="0">
  <reporter-output>
  </reporter-output>
  <suite started-at="2022-09-14T17:59:44 IST" name="Suite" finished-at="2022-09-14T17:59:52 IST" duration-ms="7260">
    <groups>
    </groups>
    <test started-at="2022-09-14T17:59:44 IST" name="Test" finished-at="2022-09-14T17:59:52 IST" duration-ms="7260">
      <class name="ui.TC02BeforeAfter">
        <test-method is-config="true" signature="BeforeTest()[pri:0, instance:ui.TC02BeforeAfter@776a6d9b]" started-at="2022-09-14T17:59:44 IST" name="BeforeTest" finished-at="2022-09-14T17:59:44 IST" duration-ms="5" status="PASS">
          <reporter-output>
          </reporter-output>
        </test-method> <!-- BeforeTest -->
        <test-method is-config="true" signature="BeforeMethod()[pri:0, instance:ui.TC02BeforeAfter@776a6d9b]" started-at="2022-09-14T17:59:44 IST" name="BeforeMethod" finished-at="2022-09-14T17:59:44 IST" duration-ms="0" status="PASS">
          <reporter-output>
          </reporter-output>
        </test-method> <!-- BeforeMethod -->
        <test-method signature="RunTestCase1()[pri:0, instance:ui.TC02BeforeAfter@776a6d9b]" started-at="2022-09-14T17:59:44 IST" name="RunTestCase1" finished-at="2022-09-14T17:59:44 IST" duration-ms="3" status="PASS">
          <reporter-output>
          </reporter-output>
        </test-method> <!-- RunTestCase1 -->
        <test-method is-config="true" signature="AfterMethod()[pri:0, instance:ui.TC02BeforeAfter@776a6d9b]" started-at="2022-09-14T17:59:44 IST" name="AfterMethod" finished-at="2022-09-14T17:59:44 IST" duration-ms="0" status="PASS">
          <reporter-output>
          </reporter-output>
        </test-method> <!-- AfterMethod -->
        <test-method signature="RunTestCase2()[pri:0, instance:ui.TC02BeforeAfter@776a6d9b]" started-at="2022-09-14T17:59:44 IST" name="RunTestCase2" finished-at="2022-09-14T17:59:44 IST" duration-ms="1" status="PASS">
          <reporter-output>
          </reporter-output>
        </test-method> <!-- RunTestCase2 -->
        <test-method is-config="true" signature="BeforeMethod()[pri:0, instance:ui.TC02BeforeAfter@776a6d9b]" started-at="2022-09-14T17:59:44 IST" name="BeforeMethod" finished-at="2022-09-14T17:59:44 IST" duration-ms="0" status="PASS">
          <reporter-output>
          </reporter-output>
        </test-method> <!-- BeforeMethod -->
        <test-method is-config="true" signature="AfterMethod()[pri:0, instance:ui.TC02BeforeAfter@776a6d9b]" started-at="2022-09-14T17:59:44 IST" name="AfterMethod" finished-at="2022-09-14T17:59:44 IST" duration-ms="0" status="PASS">
          <reporter-output>
          </reporter-output>
        </test-method> <!-- AfterMethod -->
        <test-method is-config="true" signature="AfterTest()[pri:0, instance:ui.TC02BeforeAfter@776a6d9b]" started-at="2022-09-14T17:59:52 IST" name="AfterTest" finished-at="2022-09-14T17:59:52 IST" duration-ms="0" status="PASS">
          <reporter-output>
          </reporter-output>
        </test-method> <!-- AfterTest -->
      </class> <!-- ui.TC02BeforeAfter -->
      <class name="ui.TC01TestNGfirstBasic">
        <test-method signature="Bing()[pri:1, instance:ui.TC01TestNGfirstBasic@3576ddc2]" started-at="2022-09-14T17:59:44 IST" name="Bing" description="Bing test case" finished-at="2022-09-14T17:59:47 IST" duration-ms="2828" status="PASS">
          <reporter-output>
          </reporter-output>
        </test-method> <!-- Bing -->
        <test-method signature="Google()[pri:2, instance:ui.TC01TestNGfirstBasic@3576ddc2]" started-at="2022-09-14T17:59:47 IST" name="Google" description="Google test case" finished-at="2022-09-14T17:59:52 IST" duration-ms="4389" status="PASS">
          <reporter-output>
          </reporter-output>
        </test-method> <!-- Google -->
      </class> <!-- ui.TC01TestNGfirstBasic -->
    </test> <!-- Test -->
  </suite> <!-- Suite -->
</testng-results>
