<?xml version="1.0" encoding="UTF-8"?>
<testng-results ignored="0" total="4" passed="4" failed="0" skipped="0">
  <reporter-output>
  </reporter-output>
  <suite started-at="2022-10-15T18:05:40 IST" name="Default suite" finished-at="2022-10-15T18:06:41 IST" duration-ms="61512">
    <groups>
    </groups>
    <test started-at="2022-10-15T18:05:40 IST" name="Default test" finished-at="2022-10-15T18:06:41 IST" duration-ms="61512">
      <class name="testCases.TC05RunAll">
        <test-method is-config="true" signature="setup()[pri:0, instance:testCases.TC05RunAll@1ed6388a]" started-at="2022-10-15T18:05:40 IST" name="setup" finished-at="2022-10-15T18:05:45 IST" duration-ms="4885" status="PASS">
          <reporter-output>
          </reporter-output>
        </test-method> <!-- setup -->
        <test-method signature="verifyInValidLogin()[pri:0, instance:testCases.TC05RunAll@1ed6388a]" started-at="2022-10-15T18:05:45 IST" name="verifyInValidLogin" finished-at="2022-10-15T18:05:48 IST" duration-ms="3659" status="PASS">
          <reporter-output>
          </reporter-output>
        </test-method> <!-- verifyInValidLogin -->
        <test-method is-config="true" signature="close()[pri:0, instance:testCases.TC05RunAll@1ed6388a]" started-at="2022-10-15T18:05:48 IST" name="close" finished-at="2022-10-15T18:05:48 IST" duration-ms="76" status="PASS">
          <reporter-output>
          </reporter-output>
        </test-method> <!-- close -->
        <test-method is-config="true" signature="setup()[pri:0, instance:testCases.TC05RunAll@1ed6388a]" started-at="2022-10-15T18:05:48 IST" name="setup" finished-at="2022-10-15T18:05:52 IST" duration-ms="3777" status="PASS">
          <reporter-output>
          </reporter-output>
        </test-method> <!-- setup -->
        <test-method signature="verifyTitle()[pri:0, instance:testCases.TC05RunAll@1ed6388a]" started-at="2022-10-15T18:05:52 IST" name="verifyTitle" finished-at="2022-10-15T18:05:56 IST" duration-ms="3552" status="PASS">
          <reporter-output>
          </reporter-output>
        </test-method> <!-- verifyTitle -->
        <test-method is-config="true" signature="close()[pri:0, instance:testCases.TC05RunAll@1ed6388a]" started-at="2022-10-15T18:05:56 IST" name="close" finished-at="2022-10-15T18:06:12 IST" duration-ms="16278" status="PASS">
          <reporter-output>
          </reporter-output>
        </test-method> <!-- close -->
        <test-method is-config="true" signature="setup()[pri:0, instance:testCases.TC05RunAll@1ed6388a]" started-at="2022-10-15T18:06:12 IST" name="setup" finished-at="2022-10-15T18:06:16 IST" duration-ms="3929" status="PASS">
          <reporter-output>
          </reporter-output>
        </test-method> <!-- setup -->
        <test-method signature="verifyURL()[pri:0, instance:testCases.TC05RunAll@1ed6388a]" started-at="2022-10-15T18:06:16 IST" name="verifyURL" finished-at="2022-10-15T18:06:20 IST" duration-ms="3704" status="PASS">
          <reporter-output>
          </reporter-output>
        </test-method> <!-- verifyURL -->
        <test-method is-config="true" signature="close()[pri:0, instance:testCases.TC05RunAll@1ed6388a]" started-at="2022-10-15T18:06:20 IST" name="close" finished-at="2022-10-15T18:06:20 IST" duration-ms="58" status="PASS">
          <reporter-output>
          </reporter-output>
        </test-method> <!-- close -->
        <test-method is-config="true" signature="setup()[pri:0, instance:testCases.TC05RunAll@1ed6388a]" started-at="2022-10-15T18:06:20 IST" name="setup" finished-at="2022-10-15T18:06:24 IST" duration-ms="3872" status="PASS">
          <reporter-output>
          </reporter-output>
        </test-method> <!-- setup -->
        <test-method signature="verifyValidLogin()[pri:0, instance:testCases.TC05RunAll@1ed6388a]" started-at="2022-10-15T18:06:24 IST" name="verifyValidLogin" finished-at="2022-10-15T18:06:25 IST" duration-ms="1386" status="PASS">
          <reporter-output>
          </reporter-output>
        </test-method> <!-- verifyValidLogin -->
        <test-method is-config="true" signature="close()[pri:0, instance:testCases.TC05RunAll@1ed6388a]" started-at="2022-10-15T18:06:25 IST" name="close" finished-at="2022-10-15T18:06:41 IST" duration-ms="16294" status="PASS">
          <reporter-output>
          </reporter-output>
        </test-method> <!-- close -->
      </class> <!-- testCases.TC05RunAll -->
    </test> <!-- Default test -->
  </suite> <!-- Default suite -->
</testng-results>
