<?xml version="1.0" encoding="UTF-8"?>
<!-- Generated by org.testng.reporters.JUnitXMLReporter -->
<testsuite ignored="0" hostname="INLEN8520063932" failures="0" tests="4" name="Test" time="22.882" errors="0" timestamp="2022-11-07T17:31:34 IST">
  <testcase classname="ui.TC02BeforeAfter" name="RunTestCase1" time="0.003"/>
  <testcase classname="ui.TC02BeforeAfter" name="RunTestCase2" time="0.0"/>
  <testcase classname="ui.TC01TestNGfirstBasic" name="Bing" time="4.524"/>
  <testcase classname="ui.TC01TestNGfirstBasic" name="Google" time="18.323"/>
</testsuite> <!-- Test -->
