<?xml version="1.0" encoding="UTF-8"?>
<!-- Generated by org.testng.reporters.JUnitXMLReporter -->
<testsuite ignored="1" hostname="INLEN8520063932" failures="0" tests="1" name="Default test" time="30.045" errors="0" timestamp="2022-10-11T17:04:19 IST">
  <testcase classname="testCases.TC01VerifyLogin" name="verifyInValidLogin" time="4.789"/>
  <testcase classname="testCases.TC01VerifyLogin" name="verifyValidLogin" time="0.0">
    <ignored/>
  </testcase> <!-- verifyValidLogin -->
</testsuite> <!-- Default test -->
