<?xml version="1.0" encoding="UTF-8"?>
<testng-results ignored="0" total="1" passed="1" failed="0" skipped="0">
  <reporter-output>
  </reporter-output>
  <suite started-at="2023-03-18T19:32:52 IST" name="Default suite" finished-at="2023-03-18T19:33:00 IST" duration-ms="8180">
    <groups>
    </groups>
    <test started-at="2023-03-18T19:32:52 IST" name="Default test" finished-at="2023-03-18T19:33:00 IST" duration-ms="8180">
      <class name="testCases.TC01VerifyValidLogin">
        <test-method is-config="true" signature="setup()[pri:0, instance:testCases.TC01VerifyValidLogin@121314f7]" started-at="2023-03-18T19:32:52 IST" name="setup" finished-at="2023-03-18T19:32:59 IST" duration-ms="6588" status="PASS">
          <reporter-output>
          </reporter-output>
        </test-method> <!-- setup -->
        <test-method signature="verifyValidLogin()[pri:0, instance:testCases.TC01VerifyValidLogin@121314f7]" started-at="2023-03-18T19:32:59 IST" name="verifyValidLogin" finished-at="2023-03-18T19:33:00 IST" duration-ms="1399" status="PASS">
          <reporter-output>
          </reporter-output>
        </test-method> <!-- verifyValidLogin -->
        <test-method is-config="true" signature="tearDown(org.testng.ITestResult)[pri:0, instance:testCases.TC01VerifyValidLogin@121314f7]" started-at="2023-03-18T19:33:00 IST" name="tearDown" finished-at="2023-03-18T19:33:00 IST" duration-ms="156" status="PASS">
          <params>
            <param index="0">
              <value>
                <![CDATA[[TestResult name=verifyValidLogin status=SUCCESS method=TC01VerifyValidLogin.verifyValidLogin()[pri:0, instance:testCases.TC01VerifyValidLogin@121314f7] output={null}]]]>
              </value>
            </param>
          </params>
          <reporter-output>
          </reporter-output>
        </test-method> <!-- tearDown -->
      </class> <!-- testCases.TC01VerifyValidLogin -->
    </test> <!-- Default test -->
  </suite> <!-- Default suite -->
</testng-results>
